<?xml version="1.0" encoding="UTF-8"?>
<robot generator="Robot 3.1.2 (Python 3.6.8 on linux)" generated="20190627 17:29:40.613" rpa="false">
<suite id="s1" name="Src" source="/home/radek/Projects/tesena_test/src">
<suite id="s1-s1" name="Test Tc01 Xiaomi 2Nd Phone" source="/home/radek/Projects/tesena_test/src/test_tc01_xiaomi_2nd_phone.robot">
<test id="s1-s1-t1" name="Get Name and Price of 2nd Xiaomi mobile phone">
<kw name="Open Browser" library="SeleniumLibrary" type="setup">
<doc>Opens a new browser instance to the given ``url``.</doc>
<arguments>
<arg>${HOMEPAGE}</arg>
<arg>${BROwSER}</arg>
<arg>Maximize Browser Window</arg>
</arguments>
<msg timestamp="20190627 17:29:40.728" level="INFO">Opening browser 'chrome' to base url 'https://www.alza.cz/'.</msg>
<status status="PASS" starttime="20190627 17:29:40.728" endtime="20190627 17:30:00.718"></status>
</kw>
<kw name="Given I Find 2nd ${PHONE_NAME} mobile phone">
<msg timestamp="20190627 17:30:00.719" level="FAIL">User keyword 'Given I Find 2nd ${PHONE_NAME} mobile phone' contains no keywords.</msg>
<status status="FAIL" starttime="20190627 17:30:00.719" endtime="20190627 17:30:00.720"></status>
</kw>
<kw name="Close All Browsers" library="SeleniumLibrary" type="teardown">
<doc>Closes all open browsers and resets the browser cache.</doc>
<status status="PASS" starttime="20190627 17:30:00.720" endtime="20190627 17:30:00.784"></status>
</kw>
<tags>
<tag>DEBUG</tag>
</tags>
<status status="FAIL" starttime="20190627 17:29:40.727" endtime="20190627 17:30:00.785" critical="yes">User keyword 'Given I Find 2nd ${PHONE_NAME} mobile phone' contains no keywords.</status>
</test>
<doc>As a user, I will visit Alza.cz eshop,
find Xiaomi mobile phones products
display details of the 2nd found product
and save product name and price as two variables.</doc>
<status status="FAIL" starttime="20190627 17:29:40.631" endtime="20190627 17:30:00.790"></status>
</suite>
<status status="FAIL" starttime="20190627 17:29:40.613" endtime="20190627 17:30:00.795"></status>
</suite>
<statistics>
<total>
<stat pass="0" fail="1">Critical Tests</stat>
<stat pass="0" fail="1">All Tests</stat>
</total>
<tag>
<stat pass="0" fail="1">DEBUG</stat>
</tag>
<suite>
<stat pass="0" fail="1" id="s1" name="Src">Src</stat>
<stat pass="0" fail="1" id="s1-s1" name="Test Tc01 Xiaomi 2Nd Phone">Src.Test Tc01 Xiaomi 2Nd Phone</stat>
</suite>
</statistics>
<errors>
</errors>
</robot>
