<?xml version="1.0" encoding="UTF-8"?>
<robot generator="Robot 3.1.2 (Python 3.6.8 on linux)" generated="20190627 21:12:37.069" rpa="false">
<suite id="s1" name="Src" source="/home/radek/Projects/tesena_test/src">
<suite id="s1-s1" name="Test Tc01 Xiaomi 2Nd Phone" source="/home/radek/Projects/tesena_test/src/test_tc01_xiaomi_2nd_phone.robot">
<test id="s1-s1-t1" name="Get Name and Price of 2nd Xiaomi mobile phone">
<kw name="Open Browser" library="SeleniumLibrary" type="setup">
<doc>Opens a new browser instance to the given ``url``.</doc>
<arguments>
<arg>${HOMEPAGE}</arg>
<arg>${BROwSER}</arg>
</arguments>
<msg timestamp="20190627 21:12:37.201" level="INFO">Opening browser 'chrome' to base url 'https://www.alza.cz/'.</msg>
<status status="PASS" starttime="20190627 21:12:37.200" endtime="20190627 21:12:40.741"></status>
</kw>
<kw name="Given I Find 2nd &quot;${PHONE_NAME}&quot; mobile phone">
<kw name="Maximize Browser Window" library="SeleniumLibrary">
<doc>Maximizes current browser window.</doc>
<status status="PASS" starttime="20190627 21:12:40.744" endtime="20190627 21:12:40.882"></status>
</kw>
<kw name="Wait Until Element Is Visible" library="SeleniumLibrary">
<doc>Waits until element ``locator`` is visible.</doc>
<arguments>
<arg>${LOC_SEARCH_INPUT}</arg>
</arguments>
<status status="PASS" starttime="20190627 21:12:40.882" endtime="20190627 21:12:40.950"></status>
</kw>
<kw name="Click Element" library="SeleniumLibrary">
<doc>Click element identified by ``locator``.</doc>
<arguments>
<arg>${LOC_SEARCH_INPUT}</arg>
</arguments>
<msg timestamp="20190627 21:12:40.950" level="INFO">Clicking element '//*[@id="edtSearch"]'.</msg>
<status status="PASS" starttime="20190627 21:12:40.950" endtime="20190627 21:12:41.061"></status>
</kw>
<kw name="Input Text" library="SeleniumLibrary">
<doc>Types the given ``text`` into text field identified by ``locator``.</doc>
<arguments>
<arg>${LOC_SEARCH_INPUT}</arg>
<arg>${SEARCH_PHRASE}</arg>
</arguments>
<msg timestamp="20190627 21:12:41.062" level="INFO">Typing text 'Mobilní telefony Xiaomi' into text field '//*[@id="edtSearch"]'.</msg>
<status status="PASS" starttime="20190627 21:12:41.061" endtime="20190627 21:12:41.637"></status>
</kw>
<kw name="Wait Until Element Is Visible" library="SeleniumLibrary">
<doc>Waits until element ``locator`` is visible.</doc>
<arguments>
<arg>${LOC_SEARCH_BTTN}</arg>
</arguments>
<status status="PASS" starttime="20190627 21:12:41.637" endtime="20190627 21:12:41.966"></status>
</kw>
<kw name="Click Element" library="SeleniumLibrary">
<doc>Click element identified by ``locator``.</doc>
<arguments>
<arg>${LOC_SEARCH_BTTN}</arg>
</arguments>
<msg timestamp="20190627 21:12:41.966" level="INFO">Clicking element '//*[@id="btnSearch"]'.</msg>
<status status="PASS" starttime="20190627 21:12:41.966" endtime="20190627 21:12:46.128"></status>
</kw>
<kw name="Wait Until Element Is Visible" library="SeleniumLibrary">
<doc>Waits until element ``locator`` is visible.</doc>
<arguments>
<arg>${LOC_RESULTS_BOXES}</arg>
</arguments>
<status status="PASS" starttime="20190627 21:12:46.128" endtime="20190627 21:12:46.240"></status>
</kw>
<kw name="Get WebElements" library="SeleniumLibrary">
<doc>Returns list of WebElement objects matching the ``locator``.</doc>
<arguments>
<arg>${LOC_BOX_IMAGE}</arg>
</arguments>
<assign>
<var>@{boxes_images}</var>
</assign>
<msg timestamp="20190627 21:12:46.267" level="INFO">@{boxes_images} = [ &lt;selenium.webdriver.remote.webelement.WebElement (session="5697887a6d7b495fdd9d70fa9197cca3", element="1348ded1-566f-4609-909b-7401fb73e17a")&gt; | &lt;selenium.webdriver.remote.webelement.WebElement (ses...</msg>
<status status="PASS" starttime="20190627 21:12:46.240" endtime="20190627 21:12:46.268"></status>
</kw>
<kw name="Scroll Element Into View" library="SeleniumLibrary">
<doc>Scrolls an element identified by ``locator`` into view.</doc>
<arguments>
<arg>${boxes_images}[1]</arg>
</arguments>
<status status="PASS" starttime="20190627 21:12:46.268" endtime="20190627 21:12:46.536"></status>
</kw>
<kw name="Set Global Variable" library="BuiltIn">
<doc>Makes a variable available globally in all tests and suites.</doc>
<arguments>
<arg>${BOX_IMAGE}</arg>
<arg>${boxes_images}[1]</arg>
</arguments>
<msg timestamp="20190627 21:12:46.540" level="INFO">${BOX_IMAGE} = &lt;selenium.webdriver.remote.webelement.WebElement (session="5697887a6d7b495fdd9d70fa9197cca3", element="80ccc939-09ca-4dc4-a677-89e21be3862f")&gt;</msg>
<status status="PASS" starttime="20190627 21:12:46.537" endtime="20190627 21:12:46.541"></status>
</kw>
<status status="PASS" starttime="20190627 21:12:40.743" endtime="20190627 21:12:46.541"></status>
</kw>
<kw name="Then I Save &quot;${NAME}&quot; and &quot;${PRICE}&quot; of the phone">
<kw name="Set Focus To Element" library="SeleniumLibrary">
<doc>Sets focus to element identified by ``locator``.</doc>
<arguments>
<arg>${BOX_IMAGE}</arg>
</arguments>
<status status="PASS" starttime="20190627 21:12:46.543" endtime="20190627 21:12:46.565"></status>
</kw>
<kw name="Click Element" library="SeleniumLibrary">
<doc>Click element identified by ``locator``.</doc>
<arguments>
<arg>${BOX_IMAGE}</arg>
</arguments>
<msg timestamp="20190627 21:12:46.567" level="INFO">Clicking element '&lt;selenium.webdriver.remote.webelement.WebElement (session="5697887a6d7b495fdd9d70fa9197cca3", element="80ccc939-09ca-4dc4-a677-89e21be3862f")&gt;'.</msg>
<status status="PASS" starttime="20190627 21:12:46.566" endtime="20190627 21:12:52.820"></status>
</kw>
<kw name="Wait Until Element Is Visible" library="SeleniumLibrary">
<doc>Waits until element ``locator`` is visible.</doc>
<arguments>
<arg>${LOC_PHONE_NAME}</arg>
</arguments>
<status status="PASS" starttime="20190627 21:12:52.820" endtime="20190627 21:12:52.862"></status>
</kw>
<kw name="Wait Until Element Is Visible" library="SeleniumLibrary">
<doc>Waits until element ``locator`` is visible.</doc>
<arguments>
<arg>${LOC_PHONE_PRICE}</arg>
</arguments>
<status status="PASS" starttime="20190627 21:12:52.862" endtime="20190627 21:12:52.899"></status>
</kw>
<kw name="Get Text" library="SeleniumLibrary">
<doc>Returns the text value of element identified by ``locator``.</doc>
<arguments>
<arg>${LOC_PHONE_NAME}</arg>
</arguments>
<assign>
<var>${NAME}</var>
</assign>
<msg timestamp="20190627 21:12:52.934" level="INFO">${NAME} = Xiaomi Redmi Note 7 LTE 128GB černá</msg>
<status status="PASS" starttime="20190627 21:12:52.900" endtime="20190627 21:12:52.934"></status>
</kw>
<kw name="Get Text" library="SeleniumLibrary">
<doc>Returns the text value of element identified by ``locator``.</doc>
<arguments>
<arg>${LOC_PHONE_PRICE}</arg>
</arguments>
<assign>
<var>${PRICE}</var>
</assign>
<msg timestamp="20190627 21:12:52.963" level="INFO">${PRICE} = 6 399,-</msg>
<status status="PASS" starttime="20190627 21:12:52.934" endtime="20190627 21:12:52.963"></status>
</kw>
<kw name="Log" library="BuiltIn">
<doc>Logs the given message with the given level.</doc>
<arguments>
<arg>${NAME}: ${PRICE}</arg>
</arguments>
<msg timestamp="20190627 21:12:52.963" level="INFO">Xiaomi Redmi Note 7 LTE 128GB černá: 6 399,-</msg>
<status status="PASS" starttime="20190627 21:12:52.963" endtime="20190627 21:12:52.963"></status>
</kw>
<status status="PASS" starttime="20190627 21:12:46.541" endtime="20190627 21:12:52.963"></status>
</kw>
<kw name="Close All Browsers" library="SeleniumLibrary" type="teardown">
<doc>Closes all open browsers and resets the browser cache.</doc>
<status status="PASS" starttime="20190627 21:12:52.964" endtime="20190627 21:12:53.045"></status>
</kw>
<tags>
<tag>DEBUG</tag>
</tags>
<status status="PASS" starttime="20190627 21:12:37.200" endtime="20190627 21:12:53.045" critical="yes"></status>
</test>
<doc>As a user, I will visit Alza.cz eshop,
find Xiaomi mobile phones products
display details of the 2nd found product
and save product name and price as two variables.</doc>
<status status="PASS" starttime="20190627 21:12:37.087" endtime="20190627 21:12:53.046"></status>
</suite>
<status status="PASS" starttime="20190627 21:12:37.069" endtime="20190627 21:12:53.049"></status>
</suite>
<statistics>
<total>
<stat pass="1" fail="0">Critical Tests</stat>
<stat pass="1" fail="0">All Tests</stat>
</total>
<tag>
<stat pass="1" fail="0">DEBUG</stat>
</tag>
<suite>
<stat pass="1" fail="0" id="s1" name="Src">Src</stat>
<stat pass="1" fail="0" id="s1-s1" name="Test Tc01 Xiaomi 2Nd Phone">Src.Test Tc01 Xiaomi 2Nd Phone</stat>
</suite>
</statistics>
<errors>
</errors>
</robot>
